{"E:\\npm-project\\kd-ip-input\\src\\kd-ip-input.vue": {"path":"E:\\npm-project\\kd-ip-input\\src\\kd-ip-input.vue","all":false,"statementMap":{"0":{"start":{"line":1,"column":0},"end":{"line":1,"column":10}},"1":{"start":{"line":2,"column":0},"end":{"line":2,"column":33}},"2":{"start":{"line":3,"column":0},"end":{"line":3,"column":8}},"3":{"start":{"line":4,"column":0},"end":{"line":4,"column":40}},"4":{"start":{"line":5,"column":0},"end":{"line":5,"column":23}},"5":{"start":{"line":6,"column":0},"end":{"line":6,"column":36}},"6":{"start":{"line":7,"column":0},"end":{"line":7,"column":47}},"7":{"start":{"line":8,"column":0},"end":{"line":8,"column":9}},"8":{"start":{"line":9,"column":0},"end":{"line":9,"column":41}},"9":{"start":{"line":10,"column":0},"end":{"line":10,"column":43}},"10":{"start":{"line":11,"column":0},"end":{"line":11,"column":20}},"11":{"start":{"line":12,"column":0},"end":{"line":12,"column":33}},"12":{"start":{"line":13,"column":0},"end":{"line":13,"column":7}},"13":{"start":{"line":14,"column":0},"end":{"line":14,"column":14}},"14":{"start":{"line":15,"column":0},"end":{"line":15,"column":23}},"15":{"start":{"line":16,"column":0},"end":{"line":16,"column":48}},"16":{"start":{"line":17,"column":0},"end":{"line":17,"column":24}},"17":{"start":{"line":18,"column":0},"end":{"line":18,"column":28}},"18":{"start":{"line":19,"column":0},"end":{"line":19,"column":26}},"19":{"start":{"line":20,"column":0},"end":{"line":20,"column":45}},"20":{"start":{"line":21,"column":0},"end":{"line":21,"column":49}},"21":{"start":{"line":22,"column":0},"end":{"line":22,"column":43}},"22":{"start":{"line":23,"column":0},"end":{"line":23,"column":9}},"23":{"start":{"line":24,"column":0},"end":{"line":24,"column":12}},"24":{"start":{"line":25,"column":0},"end":{"line":25,"column":40}},"25":{"start":{"line":26,"column":0},"end":{"line":26,"column":26}},"26":{"start":{"line":27,"column":0},"end":{"line":27,"column":15}},"27":{"start":{"line":28,"column":0},"end":{"line":28,"column":12}},"28":{"start":{"line":29,"column":0},"end":{"line":29,"column":42}},"29":{"start":{"line":30,"column":0},"end":{"line":30,"column":51}},"30":{"start":{"line":31,"column":0},"end":{"line":31,"column":9}},"31":{"start":{"line":32,"column":0},"end":{"line":32,"column":33}},"32":{"start":{"line":33,"column":0},"end":{"line":33,"column":33}},"33":{"start":{"line":34,"column":0},"end":{"line":34,"column":14}},"34":{"start":{"line":35,"column":0},"end":{"line":35,"column":11}},"35":{"start":{"line":36,"column":0},"end":{"line":36,"column":9}},"36":{"start":{"line":37,"column":0},"end":{"line":37,"column":8}},"37":{"start":{"line":38,"column":0},"end":{"line":38,"column":0}},"38":{"start":{"line":39,"column":0},"end":{"line":39,"column":11}},"39":{"start":{"line":40,"column":0},"end":{"line":40,"column":0}},"40":{"start":{"line":41,"column":0},"end":{"line":41,"column":8}},"41":{"start":{"line":42,"column":0},"end":{"line":42,"column":63}},"42":{"start":{"line":43,"column":0},"end":{"line":43,"column":0}},"43":{"start":{"line":44,"column":0},"end":{"line":44,"column":16}},"44":{"start":{"line":45,"column":0},"end":{"line":45,"column":22}},"45":{"start":{"line":46,"column":0},"end":{"line":46,"column":10}},"46":{"start":{"line":47,"column":0},"end":{"line":47,"column":12}},"47":{"start":{"line":48,"column":0},"end":{"line":48,"column":19}},"48":{"start":{"line":49,"column":0},"end":{"line":49,"column":21}},"49":{"start":{"line":50,"column":0},"end":{"line":50,"column":18}},"50":{"start":{"line":51,"column":0},"end":{"line":51,"column":6}},"51":{"start":{"line":52,"column":0},"end":{"line":52,"column":13}},"52":{"start":{"line":53,"column":0},"end":{"line":53,"column":28}},"53":{"start":{"line":54,"column":0},"end":{"line":54,"column":19}},"54":{"start":{"line":55,"column":0},"end":{"line":55,"column":35}},"55":{"start":{"line":56,"column":0},"end":{"line":56,"column":27}},"56":{"start":{"line":57,"column":0},"end":{"line":57,"column":68}},"57":{"start":{"line":58,"column":0},"end":{"line":58,"column":8}},"58":{"start":{"line":59,"column":0},"end":{"line":59,"column":6}},"59":{"start":{"line":60,"column":0},"end":{"line":60,"column":17}},"60":{"start":{"line":61,"column":0},"end":{"line":61,"column":28}},"61":{"start":{"line":62,"column":0},"end":{"line":62,"column":20}},"62":{"start":{"line":63,"column":0},"end":{"line":63,"column":21}},"63":{"start":{"line":64,"column":0},"end":{"line":64,"column":6}},"64":{"start":{"line":65,"column":0},"end":{"line":65,"column":15}},"65":{"start":{"line":66,"column":0},"end":{"line":66,"column":15}},"66":{"start":{"line":67,"column":0},"end":{"line":67,"column":20}},"67":{"start":{"line":68,"column":0},"end":{"line":68,"column":21}},"68":{"start":{"line":69,"column":0},"end":{"line":69,"column":6}},"69":{"start":{"line":70,"column":0},"end":{"line":70,"column":4}},"70":{"start":{"line":71,"column":0},"end":{"line":71,"column":10}},"71":{"start":{"line":72,"column":0},"end":{"line":72,"column":12}},"72":{"start":{"line":73,"column":0},"end":{"line":73,"column":70}},"73":{"start":{"line":74,"column":0},"end":{"line":74,"column":6}},"74":{"start":{"line":75,"column":0},"end":{"line":75,"column":4}},"75":{"start":{"line":76,"column":0},"end":{"line":76,"column":13}},"76":{"start":{"line":77,"column":0},"end":{"line":77,"column":15}},"77":{"start":{"line":78,"column":0},"end":{"line":78,"column":43}},"78":{"start":{"line":79,"column":0},"end":{"line":79,"column":6}},"79":{"start":{"line":80,"column":0},"end":{"line":80,"column":4}},"80":{"start":{"line":81,"column":0},"end":{"line":81,"column":10}},"81":{"start":{"line":82,"column":0},"end":{"line":82,"column":19}},"82":{"start":{"line":83,"column":0},"end":{"line":83,"column":24}},"83":{"start":{"line":84,"column":0},"end":{"line":84,"column":6}},"84":{"start":{"line":85,"column":0},"end":{"line":85,"column":20}},"85":{"start":{"line":86,"column":0},"end":{"line":86,"column":54}},"86":{"start":{"line":87,"column":0},"end":{"line":87,"column":32}},"87":{"start":{"line":88,"column":0},"end":{"line":88,"column":15}},"88":{"start":{"line":89,"column":0},"end":{"line":89,"column":7}},"89":{"start":{"line":90,"column":0},"end":{"line":90,"column":13}},"90":{"start":{"line":91,"column":0},"end":{"line":91,"column":42}},"91":{"start":{"line":92,"column":0},"end":{"line":92,"column":13}},"92":{"start":{"line":93,"column":0},"end":{"line":93,"column":10}},"93":{"start":{"line":94,"column":0},"end":{"line":94,"column":38}},"94":{"start":{"line":95,"column":0},"end":{"line":95,"column":52}},"95":{"start":{"line":96,"column":0},"end":{"line":96,"column":31}},"96":{"start":{"line":97,"column":0},"end":{"line":97,"column":13}},"97":{"start":{"line":98,"column":0},"end":{"line":98,"column":53}},"98":{"start":{"line":99,"column":0},"end":{"line":99,"column":30}},"99":{"start":{"line":100,"column":0},"end":{"line":100,"column":6}},"100":{"start":{"line":101,"column":0},"end":{"line":101,"column":4}},"101":{"start":{"line":102,"column":0},"end":{"line":102,"column":12}},"102":{"start":{"line":103,"column":0},"end":{"line":103,"column":30}},"103":{"start":{"line":104,"column":0},"end":{"line":104,"column":23}},"104":{"start":{"line":105,"column":0},"end":{"line":105,"column":56}},"105":{"start":{"line":106,"column":0},"end":{"line":106,"column":17}},"106":{"start":{"line":107,"column":0},"end":{"line":107,"column":6}},"107":{"start":{"line":108,"column":0},"end":{"line":108,"column":4}},"108":{"start":{"line":109,"column":0},"end":{"line":109,"column":13}},"109":{"start":{"line":110,"column":0},"end":{"line":110,"column":26}},"110":{"start":{"line":111,"column":0},"end":{"line":111,"column":4}},"111":{"start":{"line":112,"column":0},"end":{"line":112,"column":12}},"112":{"start":{"line":113,"column":0},"end":{"line":113,"column":11}},"113":{"start":{"line":114,"column":0},"end":{"line":114,"column":14}},"114":{"start":{"line":115,"column":0},"end":{"line":115,"column":16}},"115":{"start":{"line":116,"column":0},"end":{"line":116,"column":78}},"116":{"start":{"line":117,"column":0},"end":{"line":117,"column":15}},"117":{"start":{"line":118,"column":0},"end":{"line":118,"column":7}},"118":{"start":{"line":119,"column":0},"end":{"line":119,"column":13}},"119":{"start":{"line":120,"column":0},"end":{"line":120,"column":39}},"120":{"start":{"line":121,"column":0},"end":{"line":121,"column":47}},"121":{"start":{"line":122,"column":0},"end":{"line":122,"column":15}},"122":{"start":{"line":123,"column":0},"end":{"line":123,"column":7}},"123":{"start":{"line":124,"column":0},"end":{"line":124,"column":0}},"124":{"start":{"line":125,"column":0},"end":{"line":125,"column":17}},"125":{"start":{"line":126,"column":0},"end":{"line":126,"column":28}},"126":{"start":{"line":127,"column":0},"end":{"line":127,"column":27}},"127":{"start":{"line":128,"column":0},"end":{"line":128,"column":63}},"128":{"start":{"line":129,"column":0},"end":{"line":129,"column":17}},"129":{"start":{"line":130,"column":0},"end":{"line":130,"column":9}},"130":{"start":{"line":131,"column":0},"end":{"line":131,"column":45}},"131":{"start":{"line":132,"column":0},"end":{"line":132,"column":17}},"132":{"start":{"line":133,"column":0},"end":{"line":133,"column":46}},"133":{"start":{"line":134,"column":0},"end":{"line":134,"column":25}},"134":{"start":{"line":135,"column":0},"end":{"line":135,"column":20}},"135":{"start":{"line":136,"column":0},"end":{"line":136,"column":9}},"136":{"start":{"line":137,"column":0},"end":{"line":137,"column":7}},"137":{"start":{"line":138,"column":0},"end":{"line":138,"column":17}},"138":{"start":{"line":139,"column":0},"end":{"line":139,"column":26}},"139":{"start":{"line":140,"column":0},"end":{"line":140,"column":37}},"140":{"start":{"line":141,"column":0},"end":{"line":141,"column":47}},"141":{"start":{"line":142,"column":0},"end":{"line":142,"column":32}},"142":{"start":{"line":143,"column":0},"end":{"line":143,"column":39}},"143":{"start":{"line":144,"column":0},"end":{"line":144,"column":16}},"144":{"start":{"line":145,"column":0},"end":{"line":145,"column":77}},"145":{"start":{"line":146,"column":0},"end":{"line":146,"column":17}},"146":{"start":{"line":147,"column":0},"end":{"line":147,"column":9}},"147":{"start":{"line":148,"column":0},"end":{"line":148,"column":7}},"148":{"start":{"line":149,"column":0},"end":{"line":149,"column":0}},"149":{"start":{"line":150,"column":0},"end":{"line":150,"column":37}},"150":{"start":{"line":151,"column":0},"end":{"line":151,"column":66}},"151":{"start":{"line":152,"column":0},"end":{"line":152,"column":43}},"152":{"start":{"line":153,"column":0},"end":{"line":153,"column":61}},"153":{"start":{"line":154,"column":0},"end":{"line":154,"column":23}},"154":{"start":{"line":155,"column":0},"end":{"line":155,"column":48}},"155":{"start":{"line":156,"column":0},"end":{"line":156,"column":24}},"156":{"start":{"line":157,"column":0},"end":{"line":157,"column":12}},"157":{"start":{"line":158,"column":0},"end":{"line":158,"column":40}},"158":{"start":{"line":159,"column":0},"end":{"line":159,"column":19}},"159":{"start":{"line":160,"column":0},"end":{"line":160,"column":16}},"160":{"start":{"line":161,"column":0},"end":{"line":161,"column":44}},"161":{"start":{"line":162,"column":0},"end":{"line":162,"column":9}},"162":{"start":{"line":163,"column":0},"end":{"line":163,"column":7}},"163":{"start":{"line":164,"column":0},"end":{"line":164,"column":6}},"164":{"start":{"line":165,"column":0},"end":{"line":165,"column":13}},"165":{"start":{"line":166,"column":0},"end":{"line":166,"column":33}},"166":{"start":{"line":167,"column":0},"end":{"line":167,"column":13}},"167":{"start":{"line":168,"column":0},"end":{"line":168,"column":54}},"168":{"start":{"line":169,"column":0},"end":{"line":169,"column":44}},"169":{"start":{"line":170,"column":0},"end":{"line":170,"column":15}},"170":{"start":{"line":171,"column":0},"end":{"line":171,"column":12}},"171":{"start":{"line":172,"column":0},"end":{"line":172,"column":40}},"172":{"start":{"line":173,"column":0},"end":{"line":173,"column":54}},"173":{"start":{"line":174,"column":0},"end":{"line":174,"column":33}},"174":{"start":{"line":175,"column":0},"end":{"line":175,"column":15}},"175":{"start":{"line":176,"column":0},"end":{"line":176,"column":55}},"176":{"start":{"line":177,"column":0},"end":{"line":177,"column":14}},"177":{"start":{"line":178,"column":0},"end":{"line":178,"column":16}},"178":{"start":{"line":179,"column":0},"end":{"line":179,"column":7}},"179":{"start":{"line":180,"column":0},"end":{"line":180,"column":16}},"180":{"start":{"line":181,"column":0},"end":{"line":181,"column":6}},"181":{"start":{"line":182,"column":0},"end":{"line":182,"column":27}},"182":{"start":{"line":183,"column":0},"end":{"line":183,"column":33}},"183":{"start":{"line":184,"column":0},"end":{"line":184,"column":21}},"184":{"start":{"line":185,"column":0},"end":{"line":185,"column":27}},"185":{"start":{"line":186,"column":0},"end":{"line":186,"column":42}},"186":{"start":{"line":187,"column":0},"end":{"line":187,"column":27}},"187":{"start":{"line":188,"column":0},"end":{"line":188,"column":19}},"188":{"start":{"line":189,"column":0},"end":{"line":189,"column":14}},"189":{"start":{"line":190,"column":0},"end":{"line":190,"column":21}},"190":{"start":{"line":191,"column":0},"end":{"line":191,"column":25}},"191":{"start":{"line":192,"column":0},"end":{"line":192,"column":55}},"192":{"start":{"line":193,"column":0},"end":{"line":193,"column":16}},"193":{"start":{"line":194,"column":0},"end":{"line":194,"column":25}},"194":{"start":{"line":195,"column":0},"end":{"line":195,"column":59}},"195":{"start":{"line":196,"column":0},"end":{"line":196,"column":9}},"196":{"start":{"line":197,"column":0},"end":{"line":197,"column":7}},"197":{"start":{"line":198,"column":0},"end":{"line":198,"column":43}},"198":{"start":{"line":199,"column":0},"end":{"line":199,"column":16}},"199":{"start":{"line":200,"column":0},"end":{"line":200,"column":10}},"200":{"start":{"line":201,"column":0},"end":{"line":201,"column":62}},"201":{"start":{"line":202,"column":0},"end":{"line":202,"column":58}},"202":{"start":{"line":203,"column":0},"end":{"line":203,"column":9}},"203":{"start":{"line":204,"column":0},"end":{"line":204,"column":46}},"204":{"start":{"line":205,"column":0},"end":{"line":205,"column":7}},"205":{"start":{"line":206,"column":0},"end":{"line":206,"column":6}},"206":{"start":{"line":207,"column":0},"end":{"line":207,"column":29}},"207":{"start":{"line":208,"column":0},"end":{"line":208,"column":32}},"208":{"start":{"line":209,"column":0},"end":{"line":209,"column":31}},"209":{"start":{"line":210,"column":0},"end":{"line":210,"column":22}},"210":{"start":{"line":211,"column":0},"end":{"line":211,"column":40}},"211":{"start":{"line":212,"column":0},"end":{"line":212,"column":44}},"212":{"start":{"line":213,"column":0},"end":{"line":213,"column":12}},"213":{"start":{"line":214,"column":0},"end":{"line":214,"column":74}},"214":{"start":{"line":215,"column":0},"end":{"line":215,"column":19}},"215":{"start":{"line":216,"column":0},"end":{"line":216,"column":11}},"216":{"start":{"line":217,"column":0},"end":{"line":217,"column":48}},"217":{"start":{"line":218,"column":0},"end":{"line":218,"column":9}},"218":{"start":{"line":219,"column":0},"end":{"line":219,"column":7}},"219":{"start":{"line":220,"column":0},"end":{"line":220,"column":16}},"220":{"start":{"line":221,"column":0},"end":{"line":221,"column":28}},"221":{"start":{"line":222,"column":0},"end":{"line":222,"column":27}},"222":{"start":{"line":223,"column":0},"end":{"line":223,"column":12}},"223":{"start":{"line":224,"column":0},"end":{"line":224,"column":61}},"224":{"start":{"line":225,"column":0},"end":{"line":225,"column":73}},"225":{"start":{"line":226,"column":0},"end":{"line":226,"column":11}},"226":{"start":{"line":227,"column":0},"end":{"line":227,"column":48}},"227":{"start":{"line":228,"column":0},"end":{"line":228,"column":9}},"228":{"start":{"line":229,"column":0},"end":{"line":229,"column":7}},"229":{"start":{"line":230,"column":0},"end":{"line":230,"column":25}},"230":{"start":{"line":231,"column":0},"end":{"line":231,"column":10}},"231":{"start":{"line":232,"column":0},"end":{"line":232,"column":45}},"232":{"start":{"line":233,"column":0},"end":{"line":233,"column":71}},"233":{"start":{"line":234,"column":0},"end":{"line":234,"column":9}},"234":{"start":{"line":235,"column":0},"end":{"line":235,"column":46}},"235":{"start":{"line":236,"column":0},"end":{"line":236,"column":7}},"236":{"start":{"line":237,"column":0},"end":{"line":237,"column":6}},"237":{"start":{"line":238,"column":0},"end":{"line":238,"column":18}},"238":{"start":{"line":239,"column":0},"end":{"line":239,"column":31}},"239":{"start":{"line":240,"column":0},"end":{"line":240,"column":28}},"240":{"start":{"line":241,"column":0},"end":{"line":241,"column":17}},"241":{"start":{"line":242,"column":0},"end":{"line":242,"column":65}},"242":{"start":{"line":243,"column":0},"end":{"line":243,"column":79}},"243":{"start":{"line":244,"column":0},"end":{"line":244,"column":26}},"244":{"start":{"line":245,"column":0},"end":{"line":245,"column":74}},"245":{"start":{"line":246,"column":0},"end":{"line":246,"column":50}},"246":{"start":{"line":247,"column":0},"end":{"line":247,"column":32}},"247":{"start":{"line":248,"column":0},"end":{"line":248,"column":51}},"248":{"start":{"line":249,"column":0},"end":{"line":249,"column":15}},"249":{"start":{"line":250,"column":0},"end":{"line":250,"column":15}},"250":{"start":{"line":251,"column":0},"end":{"line":251,"column":11}},"251":{"start":{"line":252,"column":0},"end":{"line":252,"column":34}},"252":{"start":{"line":253,"column":0},"end":{"line":253,"column":33}},"253":{"start":{"line":254,"column":0},"end":{"line":254,"column":9}},"254":{"start":{"line":255,"column":0},"end":{"line":255,"column":9}},"255":{"start":{"line":256,"column":0},"end":{"line":256,"column":6}},"256":{"start":{"line":257,"column":0},"end":{"line":257,"column":4}},"257":{"start":{"line":258,"column":0},"end":{"line":258,"column":2}},"258":{"start":{"line":259,"column":0},"end":{"line":259,"column":9}},"259":{"start":{"line":260,"column":0},"end":{"line":260,"column":0}},"260":{"start":{"line":261,"column":0},"end":{"line":261,"column":26}},"261":{"start":{"line":262,"column":0},"end":{"line":262,"column":19}},"262":{"start":{"line":263,"column":0},"end":{"line":263,"column":0}},"263":{"start":{"line":264,"column":0},"end":{"line":264,"column":20}},"264":{"start":{"line":265,"column":0},"end":{"line":265,"column":22}},"265":{"start":{"line":266,"column":0},"end":{"line":266,"column":24}},"266":{"start":{"line":267,"column":0},"end":{"line":267,"column":14}},"267":{"start":{"line":268,"column":0},"end":{"line":268,"column":28}},"268":{"start":{"line":269,"column":0},"end":{"line":269,"column":20}},"269":{"start":{"line":270,"column":0},"end":{"line":270,"column":21}},"270":{"start":{"line":271,"column":0},"end":{"line":271,"column":18}},"271":{"start":{"line":272,"column":0},"end":{"line":272,"column":31}},"272":{"start":{"line":273,"column":0},"end":{"line":273,"column":30}},"273":{"start":{"line":274,"column":0},"end":{"line":274,"column":19}},"274":{"start":{"line":275,"column":0},"end":{"line":275,"column":27}},"275":{"start":{"line":276,"column":0},"end":{"line":276,"column":24}},"276":{"start":{"line":277,"column":0},"end":{"line":277,"column":23}},"277":{"start":{"line":278,"column":0},"end":{"line":278,"column":30}},"278":{"start":{"line":279,"column":0},"end":{"line":279,"column":23}},"279":{"start":{"line":280,"column":0},"end":{"line":280,"column":20}},"280":{"start":{"line":281,"column":0},"end":{"line":281,"column":31}},"281":{"start":{"line":282,"column":0},"end":{"line":282,"column":34}},"282":{"start":{"line":283,"column":0},"end":{"line":283,"column":20}},"283":{"start":{"line":284,"column":0},"end":{"line":284,"column":15}},"284":{"start":{"line":285,"column":0},"end":{"line":285,"column":24}},"285":{"start":{"line":286,"column":0},"end":{"line":286,"column":3}},"286":{"start":{"line":287,"column":0},"end":{"line":287,"column":35}},"287":{"start":{"line":288,"column":0},"end":{"line":288,"column":16}},"288":{"start":{"line":289,"column":0},"end":{"line":289,"column":15}},"289":{"start":{"line":290,"column":0},"end":{"line":290,"column":14}},"290":{"start":{"line":291,"column":0},"end":{"line":291,"column":27}},"291":{"start":{"line":292,"column":0},"end":{"line":292,"column":27}},"292":{"start":{"line":293,"column":0},"end":{"line":293,"column":27}},"293":{"start":{"line":294,"column":0},"end":{"line":294,"column":30}},"294":{"start":{"line":295,"column":0},"end":{"line":295,"column":23}},"295":{"start":{"line":296,"column":0},"end":{"line":296,"column":19}},"296":{"start":{"line":297,"column":0},"end":{"line":297,"column":18}},"297":{"start":{"line":298,"column":0},"end":{"line":298,"column":24}},"298":{"start":{"line":299,"column":0},"end":{"line":299,"column":23}},"299":{"start":{"line":300,"column":0},"end":{"line":300,"column":18}},"300":{"start":{"line":301,"column":0},"end":{"line":301,"column":71}},"301":{"start":{"line":302,"column":0},"end":{"line":302,"column":34}},"302":{"start":{"line":303,"column":0},"end":{"line":303,"column":19}},"303":{"start":{"line":304,"column":0},"end":{"line":304,"column":24}},"304":{"start":{"line":305,"column":0},"end":{"line":305,"column":23}},"305":{"start":{"line":306,"column":0},"end":{"line":306,"column":25}},"306":{"start":{"line":307,"column":0},"end":{"line":307,"column":31}},"307":{"start":{"line":308,"column":0},"end":{"line":308,"column":19}},"308":{"start":{"line":309,"column":0},"end":{"line":309,"column":20}},"309":{"start":{"line":310,"column":0},"end":{"line":310,"column":27}},"310":{"start":{"line":311,"column":0},"end":{"line":311,"column":17}},"311":{"start":{"line":312,"column":0},"end":{"line":312,"column":36}},"312":{"start":{"line":313,"column":0},"end":{"line":313,"column":17}},"313":{"start":{"line":314,"column":0},"end":{"line":314,"column":27}},"314":{"start":{"line":315,"column":0},"end":{"line":315,"column":30}},"315":{"start":{"line":316,"column":0},"end":{"line":316,"column":7}},"316":{"start":{"line":317,"column":0},"end":{"line":317,"column":33}},"317":{"start":{"line":318,"column":0},"end":{"line":318,"column":19}},"318":{"start":{"line":319,"column":0},"end":{"line":319,"column":21}},"319":{"start":{"line":320,"column":0},"end":{"line":320,"column":22}},"320":{"start":{"line":321,"column":0},"end":{"line":321,"column":31}},"321":{"start":{"line":322,"column":0},"end":{"line":322,"column":38}},"322":{"start":{"line":323,"column":0},"end":{"line":323,"column":30}},"323":{"start":{"line":324,"column":0},"end":{"line":324,"column":27}},"324":{"start":{"line":325,"column":0},"end":{"line":325,"column":17}},"325":{"start":{"line":326,"column":0},"end":{"line":326,"column":16}},"326":{"start":{"line":327,"column":0},"end":{"line":327,"column":36}},"327":{"start":{"line":328,"column":0},"end":{"line":328,"column":14}},"328":{"start":{"line":329,"column":0},"end":{"line":329,"column":21}},"329":{"start":{"line":330,"column":0},"end":{"line":330,"column":22}},"330":{"start":{"line":331,"column":0},"end":{"line":331,"column":29}},"331":{"start":{"line":332,"column":0},"end":{"line":332,"column":32}},"332":{"start":{"line":333,"column":0},"end":{"line":333,"column":9}},"333":{"start":{"line":334,"column":0},"end":{"line":334,"column":7}},"334":{"start":{"line":335,"column":0},"end":{"line":335,"column":5}},"335":{"start":{"line":336,"column":0},"end":{"line":336,"column":37}},"336":{"start":{"line":337,"column":0},"end":{"line":337,"column":18}},"337":{"start":{"line":338,"column":0},"end":{"line":338,"column":19}},"338":{"start":{"line":339,"column":0},"end":{"line":339,"column":19}},"339":{"start":{"line":340,"column":0},"end":{"line":340,"column":25}},"340":{"start":{"line":341,"column":0},"end":{"line":341,"column":30}},"341":{"start":{"line":342,"column":0},"end":{"line":342,"column":15}},"342":{"start":{"line":343,"column":0},"end":{"line":343,"column":46}},"343":{"start":{"line":344,"column":0},"end":{"line":344,"column":7}},"344":{"start":{"line":345,"column":0},"end":{"line":345,"column":5}},"345":{"start":{"line":346,"column":0},"end":{"line":346,"column":3}},"346":{"start":{"line":347,"column":0},"end":{"line":347,"column":1}},"347":{"start":{"line":348,"column":0},"end":{"line":348,"column":8}}},"s":{"0":12,"1":1,"2":1,"3":1,"4":1,"5":1,"6":1,"7":1,"8":1,"9":1,"10":1,"11":1,"12":1,"13":1,"14":1,"15":1,"16":1,"17":1,"18":1,"19":1,"20":1,"21":1,"22":1,"23":1,"24":1,"25":1,"26":1,"27":1,"28":1,"29":1,"30":1,"31":1,"32":1,"33":1,"34":1,"35":1,"36":1,"37":1,"38":1,"39":1,"40":1,"41":1,"42":1,"43":1,"44":1,"45":1,"46":1,"47":1,"48":1,"49":1,"50":1,"51":1,"52":1,"53":1,"54":4,"55":4,"56":4,"57":4,"58":1,"59":1,"60":1,"61":1,"62":1,"63":1,"64":1,"65":1,"66":1,"67":1,"68":1,"69":1,"70":23,"71":23,"72":16,"73":23,"74":23,"75":1,"76":23,"77":16,"78":23,"79":1,"80":1,"81":12,"82":12,"83":12,"84":26,"85":37,"86":1,"87":1,"88":25,"89":25,"90":25,"91":25,"92":21,"93":26,"94":26,"95":26,"96":26,"97":17,"98":26,"99":26,"100":1,"101":1,"102":1,"103":8,"104":0,"105":0,"106":0,"107":1,"108":23,"109":23,"110":23,"111":1,"112":1,"113":35,"114":14,"115":9,"116":14,"117":21,"118":21,"119":0,"120":0,"121":0,"122":21,"123":21,"124":21,"125":4,"126":0,"127":0,"128":0,"129":0,"130":4,"131":4,"132":4,"133":4,"134":4,"135":4,"136":21,"137":21,"138":6,"139":6,"140":6,"141":6,"142":6,"143":0,"144":0,"145":0,"146":0,"147":21,"148":21,"149":21,"150":84,"151":84,"152":2,"153":2,"154":2,"155":2,"156":2,"157":2,"158":2,"159":82,"160":82,"161":82,"162":21,"163":21,"164":9,"165":9,"166":9,"167":35,"168":8,"169":8,"170":0,"171":8,"172":8,"173":8,"174":8,"175":6,"176":1,"177":1,"178":1,"179":9,"180":9,"181":7,"182":7,"183":7,"184":7,"185":7,"186":2,"187":2,"188":5,"189":5,"190":3,"191":2,"192":2,"193":2,"194":1,"195":2,"196":5,"197":7,"198":7,"199":2,"200":2,"201":2,"202":2,"203":2,"204":2,"205":7,"206":10,"207":10,"208":10,"209":10,"210":10,"211":0,"212":0,"213":0,"214":0,"215":0,"216":0,"217":0,"218":0,"219":10,"220":10,"221":0,"222":0,"223":0,"224":0,"225":0,"226":0,"227":0,"228":0,"229":10,"230":0,"231":0,"232":0,"233":0,"234":0,"235":0,"236":10,"237":12,"238":12,"239":12,"240":12,"241":12,"242":9,"243":9,"244":8,"245":34,"246":13,"247":13,"248":13,"249":34,"250":8,"251":9,"252":9,"253":9,"254":12,"255":12,"256":1,"257":1,"258":1,"259":1,"260":1,"261":1,"262":1,"263":1,"264":1,"265":1,"266":1,"267":1,"268":1,"269":1,"270":1,"271":1,"272":1,"273":1,"274":1,"275":1,"276":1,"277":1,"278":1,"279":1,"280":1,"281":1,"282":1,"283":1,"284":1,"285":1,"286":1,"287":1,"288":1,"289":1,"290":1,"291":1,"292":1,"293":1,"294":1,"295":1,"296":1,"297":1,"298":1,"299":1,"300":1,"301":1,"302":1,"303":1,"304":1,"305":1,"306":1,"307":1,"308":1,"309":1,"310":1,"311":1,"312":1,"313":1,"314":1,"315":1,"316":1,"317":1,"318":1,"319":1,"320":1,"321":1,"322":1,"323":1,"324":1,"325":1,"326":1,"327":1,"328":1,"329":1,"330":1,"331":1,"332":1,"333":1,"334":1,"335":1,"336":1,"337":1,"338":1,"339":1,"340":1,"341":1,"342":1,"343":1,"344":1,"345":1,"346":1,"347":1},"branchMap":{"0":{"type":"branch","line":55,"loc":{"start":{"line":55,"column":0},"end":{"line":58,"column":8}},"locations":[{"start":{"line":55,"column":0},"end":{"line":58,"column":8}}]},"1":{"type":"branch","line":71,"loc":{"start":{"line":71,"column":0},"end":{"line":75,"column":4}},"locations":[{"start":{"line":71,"column":0},"end":{"line":75,"column":4}}]},"2":{"type":"branch","line":73,"loc":{"start":{"line":73,"column":0},"end":{"line":73,"column":70}},"locations":[{"start":{"line":73,"column":0},"end":{"line":73,"column":70}}]},"3":{"type":"branch","line":73,"loc":{"start":{"line":73,"column":0},"end":{"line":73,"column":70}},"locations":[{"start":{"line":73,"column":0},"end":{"line":73,"column":70}}]},"4":{"type":"branch","line":77,"loc":{"start":{"line":77,"column":0},"end":{"line":79,"column":6}},"locations":[{"start":{"line":77,"column":0},"end":{"line":79,"column":6}}]},"5":{"type":"branch","line":78,"loc":{"start":{"line":78,"column":0},"end":{"line":78,"column":43}},"locations":[{"start":{"line":78,"column":0},"end":{"line":78,"column":43}}]},"6":{"type":"branch","line":78,"loc":{"start":{"line":78,"column":0},"end":{"line":78,"column":43}},"locations":[{"start":{"line":78,"column":0},"end":{"line":78,"column":43}}]},"7":{"type":"branch","line":82,"loc":{"start":{"line":82,"column":0},"end":{"line":84,"column":6}},"locations":[{"start":{"line":82,"column":0},"end":{"line":84,"column":6}}]},"8":{"type":"branch","line":85,"loc":{"start":{"line":85,"column":0},"end":{"line":100,"column":6}},"locations":[{"start":{"line":85,"column":0},"end":{"line":100,"column":6}}]},"9":{"type":"branch","line":86,"loc":{"start":{"line":86,"column":0},"end":{"line":89,"column":7}},"locations":[{"start":{"line":86,"column":0},"end":{"line":89,"column":7}}]},"10":{"type":"branch","line":89,"loc":{"start":{"line":89,"column":0},"end":{"line":93,"column":10}},"locations":[{"start":{"line":89,"column":0},"end":{"line":93,"column":10}}]},"11":{"type":"branch","line":93,"loc":{"start":{"line":93,"column":0},"end":{"line":93,"column":10}},"locations":[{"start":{"line":93,"column":0},"end":{"line":93,"column":10}}]},"12":{"type":"branch","line":93,"loc":{"start":{"line":93,"column":0},"end":{"line":93,"column":10}},"locations":[{"start":{"line":93,"column":0},"end":{"line":93,"column":10}}]},"13":{"type":"branch","line":93,"loc":{"start":{"line":93,"column":0},"end":{"line":93,"column":10}},"locations":[{"start":{"line":93,"column":0},"end":{"line":93,"column":10}}]},"14":{"type":"branch","line":98,"loc":{"start":{"line":98,"column":0},"end":{"line":98,"column":53}},"locations":[{"start":{"line":98,"column":0},"end":{"line":98,"column":53}}]},"15":{"type":"branch","line":98,"loc":{"start":{"line":98,"column":0},"end":{"line":98,"column":53}},"locations":[{"start":{"line":98,"column":0},"end":{"line":98,"column":53}}]},"16":{"type":"branch","line":86,"loc":{"start":{"line":86,"column":0},"end":{"line":86,"column":54}},"locations":[{"start":{"line":86,"column":0},"end":{"line":86,"column":54}}]},"17":{"type":"branch","line":104,"loc":{"start":{"line":104,"column":0},"end":{"line":107,"column":6}},"locations":[{"start":{"line":104,"column":0},"end":{"line":107,"column":6}}]},"18":{"type":"branch","line":105,"loc":{"start":{"line":105,"column":0},"end":{"line":107,"column":6}},"locations":[{"start":{"line":105,"column":0},"end":{"line":107,"column":6}}]},"19":{"type":"branch","line":109,"loc":{"start":{"line":109,"column":0},"end":{"line":111,"column":4}},"locations":[{"start":{"line":109,"column":0},"end":{"line":111,"column":4}}]},"20":{"type":"branch","line":114,"loc":{"start":{"line":114,"column":0},"end":{"line":164,"column":6}},"locations":[{"start":{"line":114,"column":0},"end":{"line":164,"column":6}}]},"21":{"type":"branch","line":115,"loc":{"start":{"line":115,"column":0},"end":{"line":118,"column":7}},"locations":[{"start":{"line":115,"column":0},"end":{"line":118,"column":7}}]},"22":{"type":"branch","line":116,"loc":{"start":{"line":116,"column":0},"end":{"line":116,"column":78}},"locations":[{"start":{"line":116,"column":0},"end":{"line":116,"column":78}}]},"23":{"type":"branch","line":116,"loc":{"start":{"line":116,"column":0},"end":{"line":116,"column":78}},"locations":[{"start":{"line":116,"column":0},"end":{"line":116,"column":78}}]},"24":{"type":"branch","line":118,"loc":{"start":{"line":118,"column":0},"end":{"line":120,"column":39}},"locations":[{"start":{"line":118,"column":0},"end":{"line":120,"column":39}}]},"25":{"type":"branch","line":120,"loc":{"start":{"line":120,"column":0},"end":{"line":123,"column":7}},"locations":[{"start":{"line":120,"column":0},"end":{"line":123,"column":7}}]},"26":{"type":"branch","line":123,"loc":{"start":{"line":123,"column":0},"end":{"line":126,"column":28}},"locations":[{"start":{"line":123,"column":0},"end":{"line":126,"column":28}}]},"27":{"type":"branch","line":126,"loc":{"start":{"line":126,"column":0},"end":{"line":137,"column":7}},"locations":[{"start":{"line":126,"column":0},"end":{"line":137,"column":7}}]},"28":{"type":"branch","line":127,"loc":{"start":{"line":127,"column":0},"end":{"line":130,"column":9}},"locations":[{"start":{"line":127,"column":0},"end":{"line":130,"column":9}}]},"29":{"type":"branch","line":137,"loc":{"start":{"line":137,"column":0},"end":{"line":139,"column":26}},"locations":[{"start":{"line":137,"column":0},"end":{"line":139,"column":26}}]},"30":{"type":"branch","line":139,"loc":{"start":{"line":139,"column":0},"end":{"line":148,"column":7}},"locations":[{"start":{"line":139,"column":0},"end":{"line":148,"column":7}}]},"31":{"type":"branch","line":144,"loc":{"start":{"line":144,"column":0},"end":{"line":147,"column":9}},"locations":[{"start":{"line":144,"column":0},"end":{"line":147,"column":9}}]},"32":{"type":"branch","line":148,"loc":{"start":{"line":148,"column":0},"end":{"line":151,"column":66}},"locations":[{"start":{"line":148,"column":0},"end":{"line":151,"column":66}}]},"33":{"type":"branch","line":151,"loc":{"start":{"line":151,"column":0},"end":{"line":163,"column":7}},"locations":[{"start":{"line":151,"column":0},"end":{"line":163,"column":7}}]},"34":{"type":"branch","line":153,"loc":{"start":{"line":153,"column":0},"end":{"line":160,"column":16}},"locations":[{"start":{"line":153,"column":0},"end":{"line":160,"column":16}}]},"35":{"type":"branch","line":160,"loc":{"start":{"line":160,"column":0},"end":{"line":162,"column":9}},"locations":[{"start":{"line":160,"column":0},"end":{"line":162,"column":9}}]},"36":{"type":"branch","line":163,"loc":{"start":{"line":163,"column":0},"end":{"line":164,"column":6}},"locations":[{"start":{"line":163,"column":0},"end":{"line":164,"column":6}}]},"37":{"type":"branch","line":165,"loc":{"start":{"line":165,"column":0},"end":{"line":181,"column":6}},"locations":[{"start":{"line":165,"column":0},"end":{"line":181,"column":6}}]},"38":{"type":"branch","line":168,"loc":{"start":{"line":168,"column":0},"end":{"line":177,"column":14}},"locations":[{"start":{"line":168,"column":0},"end":{"line":177,"column":14}}]},"39":{"type":"branch","line":171,"loc":{"start":{"line":171,"column":0},"end":{"line":171,"column":12}},"locations":[{"start":{"line":171,"column":0},"end":{"line":171,"column":12}}]},"40":{"type":"branch","line":171,"loc":{"start":{"line":171,"column":0},"end":{"line":171,"column":12}},"locations":[{"start":{"line":171,"column":0},"end":{"line":171,"column":12}}]},"41":{"type":"branch","line":176,"loc":{"start":{"line":176,"column":0},"end":{"line":176,"column":55}},"locations":[{"start":{"line":176,"column":0},"end":{"line":176,"column":55}}]},"42":{"type":"branch","line":176,"loc":{"start":{"line":176,"column":0},"end":{"line":176,"column":55}},"locations":[{"start":{"line":176,"column":0},"end":{"line":176,"column":55}}]},"43":{"type":"branch","line":177,"loc":{"start":{"line":177,"column":0},"end":{"line":179,"column":7}},"locations":[{"start":{"line":177,"column":0},"end":{"line":179,"column":7}}]},"44":{"type":"branch","line":168,"loc":{"start":{"line":168,"column":0},"end":{"line":168,"column":54}},"locations":[{"start":{"line":168,"column":0},"end":{"line":168,"column":54}}]},"45":{"type":"branch","line":182,"loc":{"start":{"line":182,"column":0},"end":{"line":206,"column":6}},"locations":[{"start":{"line":182,"column":0},"end":{"line":206,"column":6}}]},"46":{"type":"branch","line":187,"loc":{"start":{"line":187,"column":0},"end":{"line":189,"column":14}},"locations":[{"start":{"line":187,"column":0},"end":{"line":189,"column":14}}]},"47":{"type":"branch","line":189,"loc":{"start":{"line":189,"column":0},"end":{"line":197,"column":7}},"locations":[{"start":{"line":189,"column":0},"end":{"line":197,"column":7}}]},"48":{"type":"branch","line":191,"loc":{"start":{"line":191,"column":0},"end":{"line":193,"column":16}},"locations":[{"start":{"line":191,"column":0},"end":{"line":193,"column":16}}]},"49":{"type":"branch","line":192,"loc":{"start":{"line":192,"column":0},"end":{"line":192,"column":55}},"locations":[{"start":{"line":192,"column":0},"end":{"line":192,"column":55}}]},"50":{"type":"branch","line":192,"loc":{"start":{"line":192,"column":0},"end":{"line":192,"column":55}},"locations":[{"start":{"line":192,"column":0},"end":{"line":192,"column":55}}]},"51":{"type":"branch","line":193,"loc":{"start":{"line":193,"column":0},"end":{"line":196,"column":9}},"locations":[{"start":{"line":193,"column":0},"end":{"line":196,"column":9}}]},"52":{"type":"branch","line":195,"loc":{"start":{"line":195,"column":0},"end":{"line":195,"column":59}},"locations":[{"start":{"line":195,"column":0},"end":{"line":195,"column":59}}]},"53":{"type":"branch","line":195,"loc":{"start":{"line":195,"column":0},"end":{"line":195,"column":59}},"locations":[{"start":{"line":195,"column":0},"end":{"line":195,"column":59}}]},"54":{"type":"branch","line":200,"loc":{"start":{"line":200,"column":0},"end":{"line":200,"column":10}},"locations":[{"start":{"line":200,"column":0},"end":{"line":200,"column":10}}]},"55":{"type":"branch","line":200,"loc":{"start":{"line":200,"column":0},"end":{"line":200,"column":10}},"locations":[{"start":{"line":200,"column":0},"end":{"line":200,"column":10}}]},"56":{"type":"branch","line":200,"loc":{"start":{"line":200,"column":0},"end":{"line":200,"column":10}},"locations":[{"start":{"line":200,"column":0},"end":{"line":200,"column":10}}]},"57":{"type":"branch","line":200,"loc":{"start":{"line":200,"column":0},"end":{"line":200,"column":10}},"locations":[{"start":{"line":200,"column":0},"end":{"line":200,"column":10}}]},"58":{"type":"branch","line":200,"loc":{"start":{"line":200,"column":0},"end":{"line":200,"column":10}},"locations":[{"start":{"line":200,"column":0},"end":{"line":200,"column":10}}]},"59":{"type":"branch","line":200,"loc":{"start":{"line":200,"column":0},"end":{"line":205,"column":7}},"locations":[{"start":{"line":200,"column":0},"end":{"line":205,"column":7}}]},"60":{"type":"branch","line":207,"loc":{"start":{"line":207,"column":0},"end":{"line":237,"column":6}},"locations":[{"start":{"line":207,"column":0},"end":{"line":237,"column":6}}]},"61":{"type":"branch","line":212,"loc":{"start":{"line":212,"column":0},"end":{"line":219,"column":7}},"locations":[{"start":{"line":212,"column":0},"end":{"line":219,"column":7}}]},"62":{"type":"branch","line":222,"loc":{"start":{"line":222,"column":0},"end":{"line":229,"column":7}},"locations":[{"start":{"line":222,"column":0},"end":{"line":229,"column":7}}]},"63":{"type":"branch","line":231,"loc":{"start":{"line":231,"column":0},"end":{"line":231,"column":10}},"locations":[{"start":{"line":231,"column":0},"end":{"line":231,"column":10}}]},"64":{"type":"branch","line":231,"loc":{"start":{"line":231,"column":0},"end":{"line":236,"column":7}},"locations":[{"start":{"line":231,"column":0},"end":{"line":236,"column":7}}]},"65":{"type":"branch","line":238,"loc":{"start":{"line":238,"column":0},"end":{"line":256,"column":6}},"locations":[{"start":{"line":238,"column":0},"end":{"line":256,"column":6}}]},"66":{"type":"branch","line":240,"loc":{"start":{"line":240,"column":0},"end":{"line":255,"column":9}},"locations":[{"start":{"line":240,"column":0},"end":{"line":255,"column":9}}]},"67":{"type":"branch","line":243,"loc":{"start":{"line":243,"column":0},"end":{"line":254,"column":9}},"locations":[{"start":{"line":243,"column":0},"end":{"line":254,"column":9}}]},"68":{"type":"branch","line":245,"loc":{"start":{"line":245,"column":0},"end":{"line":251,"column":11}},"locations":[{"start":{"line":245,"column":0},"end":{"line":251,"column":11}}]},"69":{"type":"branch","line":245,"loc":{"start":{"line":245,"column":0},"end":{"line":245,"column":74}},"locations":[{"start":{"line":245,"column":0},"end":{"line":245,"column":74}}]},"70":{"type":"branch","line":245,"loc":{"start":{"line":245,"column":0},"end":{"line":245,"column":74}},"locations":[{"start":{"line":245,"column":0},"end":{"line":245,"column":74}}]},"71":{"type":"branch","line":246,"loc":{"start":{"line":246,"column":0},"end":{"line":250,"column":15}},"locations":[{"start":{"line":246,"column":0},"end":{"line":250,"column":15}}]},"72":{"type":"branch","line":247,"loc":{"start":{"line":247,"column":0},"end":{"line":249,"column":15}},"locations":[{"start":{"line":247,"column":0},"end":{"line":249,"column":15}}]},"73":{"type":"branch","line":1,"loc":{"start":{"line":1,"column":0},"end":{"line":1,"column":10}},"locations":[{"start":{"line":1,"column":0},"end":{"line":1,"column":10}}]},"74":{"type":"branch","line":1,"loc":{"start":{"line":1,"column":0},"end":{"line":1,"column":10}},"locations":[{"start":{"line":1,"column":0},"end":{"line":1,"column":10}}]},"75":{"type":"branch","line":1,"loc":{"start":{"line":1,"column":0},"end":{"line":1,"column":10}},"locations":[{"start":{"line":1,"column":0},"end":{"line":1,"column":10}}]},"76":{"type":"branch","line":1,"loc":{"start":{"line":1,"column":0},"end":{"line":1,"column":10}},"locations":[{"start":{"line":1,"column":0},"end":{"line":1,"column":10}}]},"77":{"type":"branch","line":1,"loc":{"start":{"line":1,"column":0},"end":{"line":1,"column":10}},"locations":[{"start":{"line":1,"column":0},"end":{"line":1,"column":10}}]},"78":{"type":"branch","line":1,"loc":{"start":{"line":1,"column":0},"end":{"line":1,"column":10}},"locations":[{"start":{"line":1,"column":0},"end":{"line":1,"column":10}}]},"79":{"type":"branch","line":1,"loc":{"start":{"line":1,"column":0},"end":{"line":1,"column":10}},"locations":[{"start":{"line":1,"column":0},"end":{"line":1,"column":10}}]},"80":{"type":"branch","line":1,"loc":{"start":{"line":1,"column":0},"end":{"line":1,"column":10}},"locations":[{"start":{"line":1,"column":0},"end":{"line":1,"column":10}}]},"81":{"type":"branch","line":1,"loc":{"start":{"line":1,"column":0},"end":{"line":1,"column":10}},"locations":[{"start":{"line":1,"column":0},"end":{"line":1,"column":10}}]},"82":{"type":"branch","line":1,"loc":{"start":{"line":1,"column":0},"end":{"line":1,"column":10}},"locations":[{"start":{"line":1,"column":0},"end":{"line":1,"column":10}}]},"83":{"type":"branch","line":1,"loc":{"start":{"line":1,"column":0},"end":{"line":1,"column":10}},"locations":[{"start":{"line":1,"column":0},"end":{"line":1,"column":10}}]},"84":{"type":"branch","line":1,"loc":{"start":{"line":1,"column":0},"end":{"line":1,"column":10}},"locations":[{"start":{"line":1,"column":0},"end":{"line":1,"column":10}}]},"85":{"type":"branch","line":1,"loc":{"start":{"line":1,"column":0},"end":{"line":1,"column":10}},"locations":[{"start":{"line":1,"column":0},"end":{"line":1,"column":10}}]}},"b":{"0":[4],"1":[23],"2":[7],"3":[16],"4":[23],"5":[7],"6":[16],"7":[12],"8":[26],"9":[1],"10":[25],"11":[4],"12":[4],"13":[21],"14":[8],"15":[17],"16":[37],"17":[8],"18":[0],"19":[23],"20":[35],"21":[14],"22":[5],"23":[9],"24":[21],"25":[0],"26":[21],"27":[4],"28":[0],"29":[21],"30":[6],"31":[0],"32":[21],"33":[84],"34":[2],"35":[82],"36":[21],"37":[9],"38":[8],"39":[0],"40":[0],"41":[2],"42":[6],"43":[1],"44":[35],"45":[7],"46":[2],"47":[5],"48":[3],"49":[1],"50":[2],"51":[2],"52":[1],"53":[1],"54":[4],"55":[2],"56":[5],"57":[3],"58":[0],"59":[2],"60":[10],"61":[0],"62":[0],"63":[0],"64":[0],"65":[12],"66":[12],"67":[9],"68":[8],"69":[16],"70":[8],"71":[34],"72":[13],"73":[37],"74":[0],"75":[8],"76":[29],"77":[159],"78":[111],"79":[48],"80":[55],"81":[11],"82":[148],"83":[7],"84":[10],"85":[12]},"fnMap":{"0":{"name":"validator","decl":{"start":{"line":55,"column":0},"end":{"line":58,"column":8}},"loc":{"start":{"line":55,"column":0},"end":{"line":58,"column":8}},"line":55},"1":{"name":"data","decl":{"start":{"line":71,"column":0},"end":{"line":75,"column":4}},"loc":{"start":{"line":71,"column":0},"end":{"line":75,"column":4}},"line":71},"2":{"name":"liWidth","decl":{"start":{"line":77,"column":0},"end":{"line":79,"column":6}},"loc":{"start":{"line":77,"column":0},"end":{"line":79,"column":6}},"line":77},"3":{"name":"value","decl":{"start":{"line":82,"column":0},"end":{"line":84,"column":6}},"loc":{"start":{"line":82,"column":0},"end":{"line":84,"column":6}},"line":82},"4":{"name":"ipList","decl":{"start":{"line":85,"column":0},"end":{"line":100,"column":6}},"loc":{"start":{"line":85,"column":0},"end":{"line":100,"column":6}},"line":85},"5":{"name":"prefixFormat","decl":{"start":{"line":104,"column":0},"end":{"line":107,"column":6}},"loc":{"start":{"line":104,"column":0},"end":{"line":107,"column":6}},"line":104},"6":{"name":"mounted","decl":{"start":{"line":109,"column":0},"end":{"line":111,"column":4}},"loc":{"start":{"line":109,"column":0},"end":{"line":111,"column":4}},"line":109},"7":{"name":"init","decl":{"start":{"line":114,"column":0},"end":{"line":164,"column":6}},"loc":{"start":{"line":114,"column":0},"end":{"line":164,"column":6}},"line":114},"8":{"name":"genIp","decl":{"start":{"line":165,"column":0},"end":{"line":181,"column":6}},"loc":{"start":{"line":165,"column":0},"end":{"line":181,"column":6}},"line":165},"9":{"name":"handleInput","decl":{"start":{"line":182,"column":0},"end":{"line":206,"column":6}},"loc":{"start":{"line":182,"column":0},"end":{"line":206,"column":6}},"line":182},"10":{"name":"handleKeyDown","decl":{"start":{"line":207,"column":0},"end":{"line":237,"column":6}},"loc":{"start":{"line":207,"column":0},"end":{"line":237,"column":6}},"line":207},"11":{"name":"handleBlur","decl":{"start":{"line":238,"column":0},"end":{"line":256,"column":6}},"loc":{"start":{"line":238,"column":0},"end":{"line":256,"column":6}},"line":238},"12":{"name":"render","decl":{"start":{"line":1,"column":0},"end":{"line":1,"column":10}},"loc":{"start":{"line":1,"column":0},"end":{"line":1,"column":10}},"line":1},"13":{"name":"input","decl":{"start":{"line":1,"column":0},"end":{"line":1,"column":10}},"loc":{"start":{"line":1,"column":0},"end":{"line":1,"column":10}},"line":1},"14":{"name":"keydown","decl":{"start":{"line":1,"column":0},"end":{"line":1,"column":10}},"loc":{"start":{"line":1,"column":0},"end":{"line":1,"column":10}},"line":1},"15":{"name":"blur","decl":{"start":{"line":1,"column":0},"end":{"line":1,"column":10}},"loc":{"start":{"line":1,"column":0},"end":{"line":1,"column":10}},"line":1}},"f":{"0":4,"1":23,"2":23,"3":12,"4":26,"5":8,"6":23,"7":35,"8":9,"9":7,"10":10,"11":12,"12":37,"13":7,"14":10,"15":12}}
,"E:\\npm-project\\kd-ip-input\\src\\utils.js": {"path":"E:\\npm-project\\kd-ip-input\\src\\utils.js","all":false,"statementMap":{"0":{"start":{"line":1,"column":0},"end":{"line":1,"column":3}},"1":{"start":{"line":2,"column":0},"end":{"line":2,"column":28}},"2":{"start":{"line":3,"column":0},"end":{"line":3,"column":27}},"3":{"start":{"line":4,"column":0},"end":{"line":4,"column":15}},"4":{"start":{"line":5,"column":0},"end":{"line":5,"column":3}},"5":{"start":{"line":6,"column":0},"end":{"line":6,"column":32}},"6":{"start":{"line":7,"column":0},"end":{"line":7,"column":14}},"7":{"start":{"line":8,"column":0},"end":{"line":8,"column":14}},"8":{"start":{"line":9,"column":0},"end":{"line":9,"column":16}},"9":{"start":{"line":10,"column":0},"end":{"line":10,"column":12}},"10":{"start":{"line":11,"column":0},"end":{"line":11,"column":15}},"11":{"start":{"line":12,"column":0},"end":{"line":12,"column":15}},"12":{"start":{"line":13,"column":0},"end":{"line":13,"column":29}},"13":{"start":{"line":14,"column":0},"end":{"line":14,"column":15}},"14":{"start":{"line":15,"column":0},"end":{"line":15,"column":34}},"15":{"start":{"line":16,"column":0},"end":{"line":16,"column":30}},"16":{"start":{"line":17,"column":0},"end":{"line":17,"column":56}},"17":{"start":{"line":18,"column":0},"end":{"line":18,"column":34}},"18":{"start":{"line":19,"column":0},"end":{"line":19,"column":9}},"19":{"start":{"line":20,"column":0},"end":{"line":20,"column":47}},"20":{"start":{"line":21,"column":0},"end":{"line":21,"column":49}},"21":{"start":{"line":22,"column":0},"end":{"line":22,"column":37}},"22":{"start":{"line":23,"column":0},"end":{"line":23,"column":29}},"23":{"start":{"line":24,"column":0},"end":{"line":24,"column":23}},"24":{"start":{"line":25,"column":0},"end":{"line":25,"column":51}},"25":{"start":{"line":26,"column":0},"end":{"line":26,"column":49}},"26":{"start":{"line":27,"column":0},"end":{"line":27,"column":62}},"27":{"start":{"line":28,"column":0},"end":{"line":28,"column":38}},"28":{"start":{"line":29,"column":0},"end":{"line":29,"column":32}},"29":{"start":{"line":30,"column":0},"end":{"line":30,"column":23}},"30":{"start":{"line":31,"column":0},"end":{"line":31,"column":57}},"31":{"start":{"line":32,"column":0},"end":{"line":32,"column":47}},"32":{"start":{"line":33,"column":0},"end":{"line":33,"column":35}},"33":{"start":{"line":34,"column":0},"end":{"line":34,"column":37}},"34":{"start":{"line":35,"column":0},"end":{"line":35,"column":46}},"35":{"start":{"line":36,"column":0},"end":{"line":36,"column":59}},"36":{"start":{"line":37,"column":0},"end":{"line":37,"column":37}},"37":{"start":{"line":38,"column":0},"end":{"line":38,"column":30}},"38":{"start":{"line":39,"column":0},"end":{"line":39,"column":5}},"39":{"start":{"line":40,"column":0},"end":{"line":40,"column":3}},"40":{"start":{"line":41,"column":0},"end":{"line":41,"column":13}},"41":{"start":{"line":42,"column":0},"end":{"line":42,"column":13}},"42":{"start":{"line":43,"column":0},"end":{"line":43,"column":1}},"43":{"start":{"line":44,"column":0},"end":{"line":44,"column":0}},"44":{"start":{"line":45,"column":0},"end":{"line":45,"column":33}},"45":{"start":{"line":46,"column":0},"end":{"line":46,"column":41}},"46":{"start":{"line":47,"column":0},"end":{"line":47,"column":35}},"47":{"start":{"line":48,"column":0},"end":{"line":48,"column":15}},"48":{"start":{"line":49,"column":0},"end":{"line":49,"column":9}},"49":{"start":{"line":50,"column":0},"end":{"line":50,"column":1}},"50":{"start":{"line":51,"column":0},"end":{"line":51,"column":0}},"51":{"start":{"line":52,"column":0},"end":{"line":52,"column":48}}},"s":{"0":1,"1":1,"2":1,"3":1,"4":1,"5":0,"6":0,"7":0,"8":0,"9":0,"10":0,"11":0,"12":0,"13":0,"14":0,"15":0,"16":0,"17":0,"18":0,"19":0,"20":0,"21":0,"22":0,"23":0,"24":0,"25":0,"26":0,"27":0,"28":0,"29":0,"30":0,"31":0,"32":0,"33":0,"34":0,"35":0,"36":0,"37":0,"38":0,"39":0,"40":0,"41":0,"42":0,"43":1,"44":0,"45":0,"46":0,"47":0,"48":0,"49":0,"50":1,"51":1},"branchMap":{},"b":{},"fnMap":{"0":{"name":"getCursorPosition","decl":{"start":{"line":6,"column":0},"end":{"line":43,"column":1}},"loc":{"start":{"line":6,"column":0},"end":{"line":43,"column":1}},"line":6},"1":{"name":"calItemNumInArray","decl":{"start":{"line":45,"column":0},"end":{"line":50,"column":1}},"loc":{"start":{"line":45,"column":0},"end":{"line":50,"column":1}},"line":45}},"f":{"0":0,"1":0}}
,"E:\\npm-project\\kd-ip-input\\tests\\utils\\index.js": {"path":"E:\\npm-project\\kd-ip-input\\tests\\utils\\index.js","all":false,"statementMap":{"0":{"start":{"line":1,"column":0},"end":{"line":1,"column":11}},"1":{"start":{"line":2,"column":0},"end":{"line":2,"column":35}},"2":{"start":{"line":3,"column":0},"end":{"line":3,"column":64}},"3":{"start":{"line":4,"column":0},"end":{"line":4,"column":2}}},"s":{"0":1,"1":1,"2":10,"3":10},"branchMap":{"0":{"type":"branch","line":2,"loc":{"start":{"line":2,"column":28},"end":{"line":4,"column":2}},"locations":[{"start":{"line":2,"column":28},"end":{"line":4,"column":2}}]},"1":{"type":"branch","line":3,"loc":{"start":{"line":3,"column":21},"end":{"line":3,"column":43}},"locations":[{"start":{"line":3,"column":21},"end":{"line":3,"column":43}}]},"2":{"type":"branch","line":3,"loc":{"start":{"line":3,"column":43},"end":{"line":3,"column":60}},"locations":[{"start":{"line":3,"column":43},"end":{"line":3,"column":60}}]}},"b":{"0":[10],"1":[10],"2":[10]},"fnMap":{"0":{"name":"flushPromise","decl":{"start":{"line":2,"column":28},"end":{"line":4,"column":2}},"loc":{"start":{"line":2,"column":28},"end":{"line":4,"column":2}},"line":2}},"f":{"0":10}}
}
