TN:
SF:src\kd-ip-input.vue
FN:55,validator
FN:71,data
FN:77,liWidth
FN:82,value
FN:85,ipList
FN:104,prefixFormat
FN:109,mounted
FN:114,init
FN:165,genIp
FN:182,handleInput
FN:207,handleKeyDown
FN:238,handleBlur
FN:1,render
FN:1,input
FN:1,keydown
FN:1,blur
FNF:16
FNH:16
FNDA:4,validator
FNDA:23,data
FNDA:23,liWidth
FNDA:12,value
FNDA:26,ipList
FNDA:8,prefixFormat
FNDA:23,mounted
FNDA:35,init
FNDA:9,genIp
FNDA:7,handleInput
FNDA:10,handleKeyDown
FNDA:12,handleBlur
FNDA:37,render
FNDA:7,input
FNDA:10,keydown
FNDA:12,blur
DA:1,12
DA:2,1
DA:3,1
DA:4,1
DA:5,1
DA:6,1
DA:7,1
DA:8,1
DA:9,1
DA:10,1
DA:11,1
DA:12,1
DA:13,1
DA:14,1
DA:15,1
DA:16,1
DA:17,1
DA:18,1
DA:19,1
DA:20,1
DA:21,1
DA:22,1
DA:23,1
DA:24,1
DA:25,1
DA:26,1
DA:27,1
DA:28,1
DA:29,1
DA:30,1
DA:31,1
DA:32,1
DA:33,1
DA:34,1
DA:35,1
DA:36,1
DA:37,1
DA:38,1
DA:39,1
DA:40,1
DA:41,1
DA:42,1
DA:43,1
DA:44,1
DA:45,1
DA:46,1
DA:47,1
DA:48,1
DA:49,1
DA:50,1
DA:51,1
DA:52,1
DA:53,1
DA:54,1
DA:55,4
DA:56,4
DA:57,4
DA:58,4
DA:59,1
DA:60,1
DA:61,1
DA:62,1
DA:63,1
DA:64,1
DA:65,1
DA:66,1
DA:67,1
DA:68,1
DA:69,1
DA:70,1
DA:71,23
DA:72,23
DA:73,16
DA:74,23
DA:75,23
DA:76,1
DA:77,23
DA:78,16
DA:79,23
DA:80,1
DA:81,1
DA:82,12
DA:83,12
DA:84,12
DA:85,26
DA:86,37
DA:87,1
DA:88,1
DA:89,25
DA:90,25
DA:91,25
DA:92,25
DA:93,21
DA:94,26
DA:95,26
DA:96,26
DA:97,26
DA:98,17
DA:99,26
DA:100,26
DA:101,1
DA:102,1
DA:103,1
DA:104,8
DA:105,0
DA:106,0
DA:107,0
DA:108,1
DA:109,23
DA:110,23
DA:111,23
DA:112,1
DA:113,1
DA:114,35
DA:115,14
DA:116,9
DA:117,14
DA:118,21
DA:119,21
DA:120,0
DA:121,0
DA:122,0
DA:123,21
DA:124,21
DA:125,21
DA:126,4
DA:127,0
DA:128,0
DA:129,0
DA:130,0
DA:131,4
DA:132,4
DA:133,4
DA:134,4
DA:135,4
DA:136,4
DA:137,21
DA:138,21
DA:139,6
DA:140,6
DA:141,6
DA:142,6
DA:143,6
DA:144,0
DA:145,0
DA:146,0
DA:147,0
DA:148,21
DA:149,21
DA:150,21
DA:151,84
DA:152,84
DA:153,2
DA:154,2
DA:155,2
DA:156,2
DA:157,2
DA:158,2
DA:159,2
DA:160,82
DA:161,82
DA:162,82
DA:163,21
DA:164,21
DA:165,9
DA:166,9
DA:167,9
DA:168,35
DA:169,8
DA:170,8
DA:171,0
DA:172,8
DA:173,8
DA:174,8
DA:175,8
DA:176,6
DA:177,1
DA:178,1
DA:179,1
DA:180,9
DA:181,9
DA:182,7
DA:183,7
DA:184,7
DA:185,7
DA:186,7
DA:187,2
DA:188,2
DA:189,5
DA:190,5
DA:191,3
DA:192,2
DA:193,2
DA:194,2
DA:195,1
DA:196,2
DA:197,5
DA:198,7
DA:199,7
DA:200,2
DA:201,2
DA:202,2
DA:203,2
DA:204,2
DA:205,2
DA:206,7
DA:207,10
DA:208,10
DA:209,10
DA:210,10
DA:211,10
DA:212,0
DA:213,0
DA:214,0
DA:215,0
DA:216,0
DA:217,0
DA:218,0
DA:219,0
DA:220,10
DA:221,10
DA:222,0
DA:223,0
DA:224,0
DA:225,0
DA:226,0
DA:227,0
DA:228,0
DA:229,0
DA:230,10
DA:231,0
DA:232,0
DA:233,0
DA:234,0
DA:235,0
DA:236,0
DA:237,10
DA:238,12
DA:239,12
DA:240,12
DA:241,12
DA:242,12
DA:243,9
DA:244,9
DA:245,8
DA:246,34
DA:247,13
DA:248,13
DA:249,13
DA:250,34
DA:251,8
DA:252,9
DA:253,9
DA:254,9
DA:255,12
DA:256,12
DA:257,1
DA:258,1
DA:259,1
DA:260,1
DA:261,1
DA:262,1
DA:263,1
DA:264,1
DA:265,1
DA:266,1
DA:267,1
DA:268,1
DA:269,1
DA:270,1
DA:271,1
DA:272,1
DA:273,1
DA:274,1
DA:275,1
DA:276,1
DA:277,1
DA:278,1
DA:279,1
DA:280,1
DA:281,1
DA:282,1
DA:283,1
DA:284,1
DA:285,1
DA:286,1
DA:287,1
DA:288,1
DA:289,1
DA:290,1
DA:291,1
DA:292,1
DA:293,1
DA:294,1
DA:295,1
DA:296,1
DA:297,1
DA:298,1
DA:299,1
DA:300,1
DA:301,1
DA:302,1
DA:303,1
DA:304,1
DA:305,1
DA:306,1
DA:307,1
DA:308,1
DA:309,1
DA:310,1
DA:311,1
DA:312,1
DA:313,1
DA:314,1
DA:315,1
DA:316,1
DA:317,1
DA:318,1
DA:319,1
DA:320,1
DA:321,1
DA:322,1
DA:323,1
DA:324,1
DA:325,1
DA:326,1
DA:327,1
DA:328,1
DA:329,1
DA:330,1
DA:331,1
DA:332,1
DA:333,1
DA:334,1
DA:335,1
DA:336,1
DA:337,1
DA:338,1
DA:339,1
DA:340,1
DA:341,1
DA:342,1
DA:343,1
DA:344,1
DA:345,1
DA:346,1
DA:347,1
DA:348,1
LF:348
LH:311
BRDA:55,0,0,4
BRDA:71,1,0,23
BRDA:73,2,0,7
BRDA:73,3,0,16
BRDA:77,4,0,23
BRDA:78,5,0,7
BRDA:78,6,0,16
BRDA:82,7,0,12
BRDA:85,8,0,26
BRDA:86,9,0,1
BRDA:89,10,0,25
BRDA:93,11,0,4
BRDA:93,12,0,4
BRDA:93,13,0,21
BRDA:98,14,0,8
BRDA:98,15,0,17
BRDA:86,16,0,37
BRDA:104,17,0,8
BRDA:105,18,0,0
BRDA:109,19,0,23
BRDA:114,20,0,35
BRDA:115,21,0,14
BRDA:116,22,0,5
BRDA:116,23,0,9
BRDA:118,24,0,21
BRDA:120,25,0,0
BRDA:123,26,0,21
BRDA:126,27,0,4
BRDA:127,28,0,0
BRDA:137,29,0,21
BRDA:139,30,0,6
BRDA:144,31,0,0
BRDA:148,32,0,21
BRDA:151,33,0,84
BRDA:153,34,0,2
BRDA:160,35,0,82
BRDA:163,36,0,21
BRDA:165,37,0,9
BRDA:168,38,0,8
BRDA:171,39,0,0
BRDA:171,40,0,0
BRDA:176,41,0,2
BRDA:176,42,0,6
BRDA:177,43,0,1
BRDA:168,44,0,35
BRDA:182,45,0,7
BRDA:187,46,0,2
BRDA:189,47,0,5
BRDA:191,48,0,3
BRDA:192,49,0,1
BRDA:192,50,0,2
BRDA:193,51,0,2
BRDA:195,52,0,1
BRDA:195,53,0,1
BRDA:200,54,0,4
BRDA:200,55,0,2
BRDA:200,56,0,5
BRDA:200,57,0,3
BRDA:200,58,0,0
BRDA:200,59,0,2
BRDA:207,60,0,10
BRDA:212,61,0,0
BRDA:222,62,0,0
BRDA:231,63,0,0
BRDA:231,64,0,0
BRDA:238,65,0,12
BRDA:240,66,0,12
BRDA:243,67,0,9
BRDA:245,68,0,8
BRDA:245,69,0,16
BRDA:245,70,0,8
BRDA:246,71,0,34
BRDA:247,72,0,13
BRDA:1,73,0,37
BRDA:1,74,0,0
BRDA:1,75,0,8
BRDA:1,76,0,29
BRDA:1,77,0,159
BRDA:1,78,0,111
BRDA:1,79,0,48
BRDA:1,80,0,55
BRDA:1,81,0,11
BRDA:1,82,0,148
BRDA:1,83,0,7
BRDA:1,84,0,10
BRDA:1,85,0,12
BRF:86
BRH:74
end_of_record
TN:
SF:src\utils.js
FN:6,getCursorPosition
FN:45,calItemNumInArray
FNF:2
FNH:0
FNDA:0,getCursorPosition
FNDA:0,calItemNumInArray
DA:1,1
DA:2,1
DA:3,1
DA:4,1
DA:5,1
DA:6,0
DA:7,0
DA:8,0
DA:9,0
DA:10,0
DA:11,0
DA:12,0
DA:13,0
DA:14,0
DA:15,0
DA:16,0
DA:17,0
DA:18,0
DA:19,0
DA:20,0
DA:21,0
DA:22,0
DA:23,0
DA:24,0
DA:25,0
DA:26,0
DA:27,0
DA:28,0
DA:29,0
DA:30,0
DA:31,0
DA:32,0
DA:33,0
DA:34,0
DA:35,0
DA:36,0
DA:37,0
DA:38,0
DA:39,0
DA:40,0
DA:41,0
DA:42,0
DA:43,0
DA:44,1
DA:45,0
DA:46,0
DA:47,0
DA:48,0
DA:49,0
DA:50,0
DA:51,1
DA:52,1
LF:52
LH:8
BRF:0
BRH:0
end_of_record
TN:
SF:tests\utils\index.js
FN:2,flushPromise
FNF:1
FNH:1
FNDA:10,flushPromise
DA:1,1
DA:2,1
DA:3,10
DA:4,10
LF:4
LH:4
BRDA:2,0,0,10
BRDA:3,1,0,10
BRDA:3,2,0,10
BRF:3
BRH:3
end_of_record
